============================= test session starts ==============================
collecting ... collected 12 items

component_tree_generator/tests.py::test_valid_tree_parses_correctly PASSED [  8%]
component_tree_generator/tests.py::test_markdown_fenced_response_still_parses PASSED [ 16%]
component_tree_generator/tests.py::test_llm_api_error_returns_none PASSED [ 25%]
component_tree_generator/tests.py::test_invalid_json_returns_none PASSED [ 33%]
component_tree_generator/tests.py::test_missing_component_type_returns_none PASSED [ 41%]
component_tree_generator/tests.py::test_excessive_depth_gets_pruned PASSED [ 50%]
component_tree_generator/tests.py::test_uses_llm_result_when_available PASSED [ 58%]
component_tree_generator/tests.py::test_falls_back_to_template_when_llm_unavailable PASSED [ 66%]
component_tree_generator/tests.py::test_component_ids_scoped_to_screen_id_on_llm_path PASSED [ 75%]
component_tree_generator/tests.py::test_mixed_screens_some_llm_some_fallback PASSED [ 83%]
component_tree_generator/tests.py::test_empty_sitemap_returns_empty_tree_set PASSED [ 91%]
component_tree_generator/tests.py::test_trace_id_propagated PASSED       [100%]

============================== 12 passed in 0.51s ==============================