============================= test session starts ==============================
platform linux -- Python 3.12.3, pytest-9.1.1, pluggy-1.6.0
rootdir: backend/srs
collecting ... collected 26 items

test_all_requirement_pipeline.py::test_missing_api_key_raises_immediately PASSED             [  3%]
test_all_requirement_pipeline.py::test_successful_call_returns_content PASSED                [  7%]
test_all_requirement_pipeline.py::test_auth_error_does_not_retry PASSED                      [ 11%]
test_all_requirement_pipeline.py::test_network_error_retries_then_raises PASSED              [ 15%]
test_all_requirement_pipeline.py::test_rate_limit_status_retries PASSED                      [ 19%]
test_all_requirement_pipeline.py::test_malformed_response_raises_after_retries PASSED         [ 23%]
test_all_requirement_pipeline.py::test_valid_response_parses_correctly PASSED                 [ 26%]
test_all_requirement_pipeline.py::test_response_wrapped_in_markdown_fences_still_parses PASSED [ 30%]
test_all_requirement_pipeline.py::test_llm_api_error_returns_none_not_raise PASSED            [ 34%]
test_all_requirement_pipeline.py::test_invalid_json_returns_none PASSED                       [ 38%]
test_all_requirement_pipeline.py::test_missing_keys_get_safe_defaults PASSED                  [ 42%]
test_all_requirement_pipeline.py::test_wrong_types_in_json_returns_none PASSED                [ 46%]
test_all_requirement_pipeline.py::test_strip_markdown_fences_removes_both_ends PASSED         [ 50%]
test_all_requirement_pipeline.py::test_strip_markdown_fences_noop_on_plain_json PASSED        [ 53%]
test_all_requirement_pipeline.py::test_uses_llm_result_when_available PASSED                  [ 57%]
test_all_requirement_pipeline.py::test_falls_back_to_heuristic_when_llm_unavailable PASSED    [ 61%]
test_all_requirement_pipeline.py::test_empty_prompt_returns_empty_features_without_calling_llm PASSED [ 65%]
test_all_requirement_pipeline.py::test_trace_id_is_propagated_into_output PASSED              [ 69%]
test_all_requirement_pipeline.py::test_detect_language_english PASSED                         [ 73%]
test_all_requirement_pipeline.py::test_detect_language_urdu_script PASSED                     [ 76%]
test_all_requirement_pipeline.py::test_detect_language_roman_urdu PASSED                      [ 80%]
test_all_requirement_pipeline.py::test_detect_language_empty_string PASSED                    [ 84%]
test_all_requirement_pipeline.py::test_extract_keywords_filters_stopwords PASSED              [ 88%]
test_all_requirement_pipeline.py::test_extract_keywords_deduplicates PASSED                   [ 92%]
test_all_requirement_pipeline.py::test_extract_intent_tags_matches_known_markers PASSED       [ 96%]
test_all_requirement_pipeline.py::test_extract_intent_tags_empty_when_no_match PASSED         [100%]

============================= 26 passed in 12.80s ==============================