============================= test session starts ==============================
collecting ... collected 14 items

entities_generator/tests.py::test_valid_entities_parse_correctly PASSED  [  7%]
entities_generator/tests.py::test_markdown_fenced_response_still_parses PASSED [ 14%]
entities_generator/tests.py::test_llm_api_error_returns_none PASSED      [ 21%]
entities_generator/tests.py::test_non_array_response_returns_none PASSED [ 28%]
entities_generator/tests.py::test_invalid_json_returns_none PASSED       [ 35%]
entities_generator/tests.py::test_invalid_attribute_type_defaults_to_string PASSED [ 42%]
entities_generator/tests.py::test_relationship_to_unknown_entity_is_dropped PASSED [ 50%]
entities_generator/tests.py::test_malformed_item_is_skipped_not_fatal PASSED [ 57%]
entities_generator/tests.py::test_empty_array_returns_none PASSED        [ 64%]
entities_generator/tests.py::test_uses_llm_result_when_available PASSED  [ 71%]
entities_generator/tests.py::test_falls_back_to_rules_when_llm_unavailable PASSED [ 78%]
entities_generator/tests.py::test_relationship_filtered_if_target_not_in_llm_set PASSED [ 85%]
entities_generator/tests.py::test_empty_candidates_and_llm_unavailable_returns_empty PASSED [ 92%]
entities_generator/tests.py::test_trace_id_propagated PASSED             [100%]

============================== 14 passed in 0.53s ==============================