============================= test session starts ==============================
collecting ... collected 11 items

nfr_generator/tests.py::test_valid_nfr_list_parses_correctly PASSED      [  9%]
nfr_generator/tests.py::test_markdown_fenced_response_still_parses PASSED [ 18%]
nfr_generator/tests.py::test_llm_api_error_returns_none PASSED           [ 27%]
nfr_generator/tests.py::test_empty_fr_summaries_skips_llm_call_returns_none PASSED [ 36%]
nfr_generator/tests.py::test_invalid_category_is_skipped PASSED          [ 45%]
nfr_generator/tests.py::test_unknown_fr_id_reference_becomes_global PASSED [ 54%]
nfr_generator/tests.py::test_invalid_json_returns_none PASSED            [ 63%]
nfr_generator/tests.py::test_uses_llm_result_when_available PASSED       [ 72%]
nfr_generator/tests.py::test_falls_back_to_rules_when_llm_unavailable PASSED [ 81%]
nfr_generator/tests.py::test_rule_fallback_links_back_to_correct_fr_id PASSED [ 90%]
nfr_generator/tests.py::test_trace_id_propagated PASSED                  [100%]

============================== 11 passed in 0.53s ==============================