============================= test session starts ==============================
platform darwin -- Python 3.9.6, pytest-8.4.2, pluggy-1.6.0 -- /Library/Developer/CommandLineTools/usr/bin/python3
cachedir: .pytest_cache
rootdir: /Users/user/Desktop/JINIEEEE/jinie-desktop/Jinie/backend/component_generator
collecting ... collected 24 items

tests.py::test_llm_returns_cleaned_code_on_success PASSED                [  4%]
tests.py::test_llm_response_wrapped_in_markdown_fences_still_parses PASSED [  8%]
tests.py::test_llm_api_error_returns_none_not_raise PASSED               [ 12%]
tests.py::test_llm_empty_response_returns_none PASSED                    [ 16%]
tests.py::test_valid_code_passes_validation PASSED                       [ 20%]
tests.py::test_empty_code_fails_validation PASSED                        [ 25%]
tests.py::test_code_missing_import_fails_validation PASSED               [ 29%]
tests.py::test_code_missing_default_export_fails_validation PASSED       [ 33%]
tests.py::test_code_referencing_wrong_component_name_fails_validation PASSED [ 37%]
tests.py::test_code_with_unbalanced_brackets_fails_validation PASSED     [ 41%]
tests.py::test_uses_ai_result_when_available_and_valid PASSED            [ 45%]
tests.py::test_falls_back_to_rule_based_renderer_when_llm_unavailable PASSED [ 50%]
tests.py::test_falls_back_to_rule_based_renderer_when_ai_output_fails_validation PASSED [ 54%]
tests.py::test_trace_id_is_auto_generated_when_not_provided PASSED       [ 58%]
tests.py::test_traceability_id_is_deterministic_for_same_inputs PASSED   [ 62%]
tests.py::test_raises_on_empty_component_name PASSED                     [ 66%]
tests.py::test_raises_on_component_name_not_starting_with_letter PASSED  [ 70%]
tests.py::test_raises_on_non_dict_design_tokens PASSED                   [ 75%]
tests.py::test_raises_on_missing_layout_type PASSED                      [ 79%]
tests.py::test_unsupported_component_type_falls_back_to_generic_view PASSED [ 83%]
tests.py::test_raises_on_malformed_children PASSED                       [ 87%]
tests.py::test_raises_on_excessive_nesting_depth PASSED                  [ 91%]
tests.py::test_generates_from_real_srs_tree_with_component_type_field PASSED [ 95%]
tests.py::test_generates_all_screens_from_real_srs_output PASSED         [100%]

=============================== warnings summary ===============================
../../../../../../Library/Python/3.9/lib/python/site-packages/urllib3/__init__.py:35
  /Users/user/Library/Python/3.9/lib/python/site-packages/urllib3/__init__.py:35: NotOpenSSLWarning: urllib3 v2 only supports OpenSSL 1.1.1+, currently the 'ssl' module is compiled with 'LibreSSL 2.8.3'. See: https://github.com/urllib3/urllib3/issues/3020
    warnings.warn(

-- Docs: https://docs.pytest.org/en/stable/how-to/capture-warnings.html
======================== 24 passed, 1 warning in 0.25s =========================
